<?xml version="1.0" encoding="UTF-8"?>
<!-- Generated by org.testng.reporters.JUnitXMLReporter -->
<testsuite ignored="0" hostname="DESKTOP-AQF7BNU" failures="0" tests="11" name="Login test" time="59.253" errors="0" timestamp="2023-08-20T22:47:56 BDT">
  <testcase classname="com.test.LoginTestNG" name="testValidLogin" time="5.303"/>
  <testcase classname="com.test.LoginTestNG" name="testlogin_InvalidUsername_And_ValidPassword" time="3.97"/>
  <testcase classname="com.test.LoginTestNG" name="testlogin_InvalidUsername_And_InvalidPassword" time="3.835"/>
  <testcase classname="com.test.LoginTestNG" name="testlogin_ValidUsername_And_InvalidPassword" time="4.358"/>
  <testcase classname="com.test.LoginTestNG" name="testLogin_EmptyPassword" time="3.88"/>
  <testcase classname="com.test.LoginTestNG" name="testLogin_EmptyUsername" time="3.967"/>
  <testcase classname="com.test.LoginTestNG" name="testLogin_EmptyUsername_And_Password" time="4.056"/>
  <testcase classname="com.test.LoginTestNG" name="testAlertMessage_InvalidUsername" time="3.881"/>
  <testcase classname="com.test.LoginTestNG" name="testAlertMessage_InvalidPassword" time="5.826"/>
  <testcase classname="com.test.LoginTestNG" name="testEnterKeyAsLogin" time="0.759"/>
  <testcase classname="com.test.LoginTestNG" name="testForgotPasswordRedirect" time="1.155"/>
</testsuite> <!-- Login test -->
