<?xml version="1.0" encoding="UTF-8"?>
<!-- Generated by org.testng.reporters.JUnitXMLReporter -->
<testsuite ignored="0" hostname="DESKTOP-AQF7BNU" failures="1" tests="7" name="login test" time="41.446" errors="0" timestamp="2023-08-20T16:26:24 BDT">
  <testcase classname="LoginTestNG" name="testValidLogin" time="6.278"/>
  <testcase classname="LoginTestNG" name="Testcase2" time="3.899"/>
  <testcase classname="LoginTestNG" name="testcase3" time="3.865"/>
  <testcase classname="LoginTestNG" name="testcase4" time="3.902"/>
  <testcase classname="LoginTestNG" name="testcase5" time="3.981">
    <failure type="java.lang.AssertionError" message="expected [Username
Password
Required
Login
Forgot your password?] but found [Require]">
      <![CDATA[java.lang.AssertionError: expected [Username
Password
Required
Login
Forgot your password?] but found [Require]
at LoginTestNG.testcase5(LoginTestNG.java:69)
at java.base/java.util.ArrayList.forEach(ArrayList.java:1511)
... Removed 33 stack frames]]>
    </failure>
  </testcase> <!-- testcase5 -->
  <testcase classname="LoginTestNG" name="testcase6" time="3.896"/>
  <testcase classname="LoginTestNG" name="testcase7" time="3.851"/>
</testsuite> <!-- login test -->
